<?xml version="1.0" encoding="UTF-8"?>
<testng-results skipped="0" failed="0" ignored="0" total="1" passed="1">
  <reporter-output>
  </reporter-output>
  <suite name="Default suite" duration-ms="27843" started-at="2018-06-22T10:29:29Z" finished-at="2018-06-22T10:29:56Z">
    <groups>
    </groups>
    <test name="Default test" duration-ms="27843" started-at="2018-06-22T10:29:29Z" finished-at="2018-06-22T10:29:56Z">
      <class name="log_in.Login">
        <test-method status="PASS" signature="browser()[pri:0, instance:log_in.Login@33cc44]" name="browser" is-config="true" duration-ms="19639" started-at="2018-06-22T10:29:29Z" finished-at="2018-06-22T10:29:48Z">
          <reporter-output>
          </reporter-output>
        </test-method> <!-- browser -->
        <test-method status="PASS" signature="login()[pri:0, instance:log_in.Login@33cc44]" name="login" duration-ms="8138" started-at="2018-06-22T10:29:48Z" finished-at="2018-06-22T10:29:56Z">
          <reporter-output>
          </reporter-output>
        </test-method> <!-- login -->
      </class> <!-- log_in.Login -->
    </test> <!-- Default test -->
  </suite> <!-- Default suite -->
</testng-results>
